 MHDQUA01[B1_GRADIENT] =  -6.67769472912408E+00
 MHDQUA02[B1_GRADIENT] =   5.74736268763028E+00
 MHDQUA03[B1_GRADIENT] =  -8.74480300899145E+00
 MACQUA01[B1_GRADIENT] =  -1.56641635422803E-01
 MACQUA02[B1_GRADIENT] =   2.77371972350430E+00
 MACQUA03[B1_GRADIENT] =  -2.22863878909984E+00
 MACQUA04[B1_GRADIENT] =   1.34098928938001E+00
 MACQUA05[B1_GRADIENT] =  -1.90567604633747E+00
 MACQUA06[B1_GRADIENT] =   1.96192355993793E+00
 MACQUA07[B1_GRADIENT] =  -2.04887477342156E+00
 MACQUA08[B1_GRADIENT] =   2.64808941628247E+00
 MACQUA09[B1_GRADIENT] =  -6.07455439437296E+00
 
 end_file
 
 
 ! Top 10
 
 Constraints                                    Ref_Ele    Start_Ele   Ele/S    Meas-or-Lim    Model       Merit      Max_Loc
 lat_corr.dispersion[2]  etap.a <target>                              END        0.0000E+00  -1.1102E-16  1.233E-31
 lat_corr.dispersion[1]  eta.a <target>                               END        0.0000E+00   1.3878E-17  1.926E-33
 lat_corr.beta[1]        beta.b <max>                     BEGINNING   END        3.0000E+01   2.9999E+01  0.000E+00  MACQUA02
 lat_corr.beta[2]        beta.a <max>                     BEGINNING   END        3.0000E+01   2.9998E+01  0.000E+00  MACDIP03
 lat_corr.alpha[1]       alpha.b <min>                                END       -5.0000E+00  -4.9911E+00  0.000E+00
 lat_corr.alpha[2]       alpha.a <min>                                END       -5.0000E+00  -4.9978E+00  0.000E+00
 MHDQUA01[1]             MHDQUA01[B1_GRADIENT]                        11.16     -1.5000E+01  -6.6777E+00  0.000E+00
 MHDQUA02[1]             MHDQUA02[B1_GRADIENT]                        11.94      1.5000E+01   5.7474E+00  0.000E+00
 MACQUA01[1]             MACQUA01[B1_GRADIENT]                        0.59      -1.5000E+01  -1.5664E-01  0.000E+00
 MHDQUA03[1]             MHDQUA03[B1_GRADIENT]                        12.71     -1.5000E+01  -8.7448E+00  0.000E+00
 Constraints                                    Ref_Ele    Start_Ele   Ele/S    Meas-or-Lim    Model       Merit      Max_Loc
 
  figure of merit: 1.251854E-31
 
 Constraints                                    Ref_Ele    Start_Ele   Ele/S    Meas-or-Lim    Model       Merit      Max_Loc
 lat_corr.dispersion[1]  eta.a <target>                               END        0.0000E+00   1.3878E-17  1.926E-33
 lat_corr.dispersion[2]  etap.a <target>                              END        0.0000E+00  -1.1102E-16  1.233E-31
 lat_corr.beta[1]        beta.b <max>                     BEGINNING   END        3.0000E+01   2.9999E+01  0.000E+00  MACQUA02
 lat_corr.beta[2]        beta.a <max>                     BEGINNING   END        3.0000E+01   2.9998E+01  0.000E+00  MACDIP03
 lat_corr.alpha[1]       alpha.b <min>                                END       -5.0000E+00  -4.9911E+00  0.000E+00
 lat_corr.alpha[2]       alpha.a <min>                                END       -5.0000E+00  -4.9978E+00  0.000E+00
 MHDQUA01[1]             MHDQUA01[B1_GRADIENT]                        11.16     -1.5000E+01  -6.6777E+00  0.000E+00
 MHDQUA02[1]             MHDQUA02[B1_GRADIENT]                        11.94      1.5000E+01   5.7474E+00  0.000E+00
 MHDQUA03[1]             MHDQUA03[B1_GRADIENT]                        12.71     -1.5000E+01  -8.7448E+00  0.000E+00
 MACQUA01[1]             MACQUA01[B1_GRADIENT]                        0.59      -1.5000E+01  -1.5664E-01  0.000E+00
 MACQUA02[1]             MACQUA02[B1_GRADIENT]                        1.66       1.5000E+01   2.7737E+00  0.000E+00
 MACQUA03[1]             MACQUA03[B1_GRADIENT]                        2.74      -1.5000E+01  -2.2286E+00  0.000E+00
 MACQUA04[1]             MACQUA04[B1_GRADIENT]                        3.82       1.5000E+01   1.3410E+00  0.000E+00
 MACQUA05[1]             MACQUA05[B1_GRADIENT]                        4.89      -1.5000E+01  -1.9057E+00  0.000E+00
 MACQUA06[1]             MACQUA06[B1_GRADIENT]                        5.97       1.5000E+01   1.9619E+00  0.000E+00
 MACQUA07[1]             MACQUA07[B1_GRADIENT]                        7.05      -1.5000E+01  -2.0489E+00  0.000E+00
 MACQUA08[1]             MACQUA08[B1_GRADIENT]                        8.12       1.5000E+01   2.6481E+00  0.000E+00
 MACQUA09[1]             MACQUA09[B1_GRADIENT]                        9.20      -1.5000E+01  -6.0746E+00  0.000E+00
 Constraints                                    Ref_Ele    Start_Ele   Ele/S    Meas-or-Lim    Model       Merit      Max_Loc
 
  figure of merit: 1.251854E-31
