 MSTQUA01[B1_GRADIENT] =   1.77893163331589E-01
 MSTQUA02[B1_GRADIENT] =  -3.13489232570516E+00
 MSTQUA03[B1_GRADIENT] =   3.31563668397933E+00
 MLHQUA01[B1_GRADIENT] =  -5.10738059578204E+00
 MLHQUA02[B1_GRADIENT] =  -2.69287325005754E+00
 MLHQUA03[B1_GRADIENT] =  -1.89027454520105E+00
 MLHQUA04[B1_GRADIENT] =   4.02610372243367E+00
 MLHQUA05[B1_GRADIENT] =  -4.52614436517905E+00
 MLHQUA06[B1_GRADIENT] =  -5.10732045869271E+00
 
 end_file
 
 
 ! Top 10
 
 Constraints                                        Ref_Ele    Start_Ele   Ele/S    Meas-or-Lim    Model       Merit      Max_Loc
 lat_corr.dispersion_lim[1]  eta.a <max>                      BEGINNING   END        4.0000E-01   4.0000E-01  7.403E-28  MLHQUA05
 lat_corr.dispersion_x[1]    eta.a <target>                               END        0.0000E+00   6.9250E-15  4.796E-28
 lat_corr.dispersion_x[2]    etap.a <target>                              END        0.0000E+00   2.2204E-15  4.930E-29
 lat_corr.beta[1]            beta.a <max>                     BEGINNING   END        3.0000E+01   1.9235E+01  0.000E+00  ST.PIP01#2
 lat_corr.beta[2]            beta.b <max>                     BEGINNING   END        3.0000E+01   2.9930E+01  0.000E+00  MSTQUA03
 lat_corr.dispersion_lim[2]  eta.b <min>                      BEGINNING   END       -4.0000E-01   2.3039E-07  0.000E+00  MLHQUA01
 lat_corr.alpha_end[1]       alpha.a <min>                                END       -1.0000E+01  -3.5365E+00  0.000E+00
 lat_corr.alpha_end[2]       alpha.b <min>                                END       -1.0000E+01  -9.9831E+00  0.000E+00
 MSTQUA01[1]                 MSTQUA01[B1_GRADIENT]                        1.02       1.5000E+01   1.7789E-01  0.000E+00
 MSTQUA03[1]                 MSTQUA03[B1_GRADIENT]                        2.91       1.5000E+01   3.3156E+00  0.000E+00
 Constraints                                        Ref_Ele    Start_Ele   Ele/S    Meas-or-Lim    Model       Merit      Max_Loc
 
  figure of merit: 1.269190E-27
 
 Constraints                                        Ref_Ele    Start_Ele   Ele/S    Meas-or-Lim    Model       Merit      Max_Loc
 lat_corr.dispersion_x[1]    eta.a <target>                               END        0.0000E+00   6.9250E-15  4.796E-28
 lat_corr.dispersion_x[2]    etap.a <target>                              END        0.0000E+00   2.2204E-15  4.930E-29
 lat_corr.beta[1]            beta.a <max>                     BEGINNING   END        3.0000E+01   1.9235E+01  0.000E+00  ST.PIP01#2
 lat_corr.beta[2]            beta.b <max>                     BEGINNING   END        3.0000E+01   2.9930E+01  0.000E+00  MSTQUA03
 lat_corr.dispersion_lim[1]  eta.a <max>                      BEGINNING   END        4.0000E-01   4.0000E-01  7.403E-28  MLHQUA05
 lat_corr.dispersion_lim[2]  eta.b <min>                      BEGINNING   END       -4.0000E-01   2.3039E-07  0.000E+00  MLHQUA01
 lat_corr.alpha_end[1]       alpha.a <min>                                END       -1.0000E+01  -3.5365E+00  0.000E+00
 lat_corr.alpha_end[2]       alpha.b <min>                                END       -1.0000E+01  -9.9831E+00  0.000E+00
 MSTQUA01[1]                 MSTQUA01[B1_GRADIENT]                        1.02       1.5000E+01   1.7789E-01  0.000E+00
 MSTQUA02[1]                 MSTQUA02[B1_GRADIENT]                        1.96      -1.5000E+01  -3.1349E+00  0.000E+00
 MSTQUA03[1]                 MSTQUA03[B1_GRADIENT]                        2.91       1.5000E+01   3.3156E+00  0.000E+00
 MLHQUA01[1]                 MLHQUA01[B1_GRADIENT]                        4.48      -1.5000E+01  -5.1074E+00  0.000E+00
 MLHQUA02[1]                 MLHQUA02[B1_GRADIENT]                        5.43      -1.5000E+01  -2.6929E+00  0.000E+00
 MLHQUA03[1]                 MLHQUA03[B1_GRADIENT]                        6.38      -1.5000E+01  -1.8903E+00  0.000E+00
 MLHQUA04[1]                 MLHQUA04[B1_GRADIENT]                        7.33       1.5000E+01   4.0261E+00  0.000E+00
 MLHQUA05[1]                 MLHQUA05[B1_GRADIENT]                        8.28      -1.5000E+01  -4.5261E+00  0.000E+00
 MLHQUA06[1]                 MLHQUA06[B1_GRADIENT]                        9.23      -1.5000E+01  -5.1073E+00  0.000E+00
 Constraints                                        Ref_Ele    Start_Ele   Ele/S    Meas-or-Lim    Model       Merit      Max_Loc
 
  figure of merit: 1.269190E-27
